<?xml version="1.0" encoding="UTF-8"?>
<!-- Generated by org.testng.reporters.JUnitReportReporter -->
<testsuite hostname="DESKTOP-O8IL4NU" failures="0" tests="2" name="automationtetsing.tests.LoginTest" time="14.674" errors="0" timestamp="2025-08-12T19:00:33 IST" skipped="0">
  <testcase classname="automationtetsing.tests.LoginTest" name="loginTest" time="7.342"/>
  <testcase classname="automationtetsing.tests.LoginTest" name="loginTest" time="7.332"/>
</testsuite> <!-- automationtetsing.tests.LoginTest -->
